{"uid":"dfa5e8fbe74026f5","name":"test_passage_mode_cycle[1]","fullName":"tests.test_set_passage_mode#test_passage_mode_cycle","historyId":"ae61a20db818b4aac7d99c3085a02a06","time":{"start":1753097772695,"stop":1753097790940,"duration":18245},"description":"循环测试Passage Mode开启和关闭","descriptionHtml":"<p>循环测试Passage Mode开启和关闭</p>\n","status":"broken","statusMessage":"selenium.common.exceptions.NoSuchElementException: Message: An element could not be located on the page using the given search parameters.; For documentation on this error, please visit: https://www.selenium.dev/documentation/webdriver/troubleshooting/errors#no-such-element-exception\nStacktrace:\nNoSuchElementError: An element could not be located on the page using the given search parameters.\n    at AndroidUiautomator2Driver.findElOrEls (/Users/wujohn/.appium/node_modules/appium-uiautomator2-driver/node_modules/appium-android-driver/lib/commands/find.ts:86:11)\n    at processTicksAndRejections (node:internal/process/task_queues:105:5)\n    at AndroidUiautomator2Driver.findElOrElsWithProcessing (/opt/homebrew/lib/node_modules/appium/node_modules/@appium/base-driver/lib/basedriver/commands/find.ts:60:12)\n    at AndroidUiautomator2Driver.findElement (/opt/homebrew/lib/node_modules/appium/node_modules/@appium/base-driver/lib/basedriver/commands/find.ts:75:12)","statusTrace":"tests/test_set_passage_mode.py:251: in test_passage_mode_cycle\n    test_set_passage_mode(driver, device_name)\ntests/test_set_passage_mode.py:186: in test_set_passage_mode\n    enter_passage_mode_page(driver, device_name)\ntests/test_set_passage_mode.py:14: in enter_passage_mode_page\n    enter_device_setting(driver, device_name)\nutils/app_controls.py:99: in enter_device_setting\n    device_detail_page.click_settings_button()\npages/device_detail_page.py:229: in click_settings_button\n    self.setting_button.click()\npages/device_detail_page.py:224: in setting_button\n    return self.driver.find_element(*self.elements.SETTINGS_BUTTON)\n/opt/anaconda3/envs/appium_env/lib/python3.10/site-packages/selenium/webdriver/remote/webdriver.py:898: in find_element\n    return self.execute(Command.FIND_ELEMENT, {\"using\": by, \"value\": value})[\"value\"]\n/opt/anaconda3/envs/appium_env/lib/python3.10/site-packages/selenium/webdriver/remote/webdriver.py:429: in execute\n    self.error_handler.check_response(response)\n/opt/anaconda3/envs/appium_env/lib/python3.10/site-packages/appium/webdriver/errorhandler.py:125: in check_response\n    raise exception_class(msg=message, stacktrace=format_stacktrace(stacktrace))\nE   selenium.common.exceptions.NoSuchElementException: Message: An element could not be located on the page using the given search parameters.; For documentation on this error, please visit: https://www.selenium.dev/documentation/webdriver/troubleshooting/errors#no-such-element-exception\nE   Stacktrace:\nE   NoSuchElementError: An element could not be located on the page using the given search parameters.\nE       at AndroidUiautomator2Driver.findElOrEls (/Users/wujohn/.appium/node_modules/appium-uiautomator2-driver/node_modules/appium-android-driver/lib/commands/find.ts:86:11)\nE       at processTicksAndRejections (node:internal/process/task_queues:105:5)\nE       at AndroidUiautomator2Driver.findElOrElsWithProcessing (/opt/homebrew/lib/node_modules/appium/node_modules/@appium/base-driver/lib/basedriver/commands/find.ts:60:12)\nE       at AndroidUiautomator2Driver.findElement (/opt/homebrew/lib/node_modules/appium/node_modules/@appium/base-driver/lib/basedriver/commands/find.ts:75:12)","flaky":false,"newFailed":false,"newBroken":false,"newPassed":false,"retriesCount":0,"retriesStatusChange":false,"beforeStages":[{"name":"driver","time":{"start":1753087755647,"stop":1753087759086,"duration":3439},"status":"passed","steps":[],"attachments":[],"parameters":[],"shouldDisplayMessage":false,"stepsCount":0,"attachmentsCount":0,"hasContent":false,"attachmentStep":false},{"name":"device_name","time":{"start":1753097772694,"stop":1753097772694,"duration":0},"status":"passed","steps":[],"attachments":[],"parameters":[],"shouldDisplayMessage":false,"stepsCount":0,"attachmentsCount":0,"hasContent":false,"attachmentStep":false},{"name":"test_delay","time":{"start":1753097772694,"stop":1753097772694,"duration":0},"status":"passed","steps":[],"attachments":[],"parameters":[],"shouldDisplayMessage":false,"stepsCount":0,"attachmentsCount":0,"hasContent":false,"attachmentStep":false}],"testStage":{"description":"循环测试Passage Mode开启和关闭","status":"broken","statusMessage":"selenium.common.exceptions.NoSuchElementException: Message: An element could not be located on the page using the given search parameters.; For documentation on this error, please visit: https://www.selenium.dev/documentation/webdriver/troubleshooting/errors#no-such-element-exception\nStacktrace:\nNoSuchElementError: An element could not be located on the page using the given search parameters.\n    at AndroidUiautomator2Driver.findElOrEls (/Users/wujohn/.appium/node_modules/appium-uiautomator2-driver/node_modules/appium-android-driver/lib/commands/find.ts:86:11)\n    at processTicksAndRejections (node:internal/process/task_queues:105:5)\n    at AndroidUiautomator2Driver.findElOrElsWithProcessing (/opt/homebrew/lib/node_modules/appium/node_modules/@appium/base-driver/lib/basedriver/commands/find.ts:60:12)\n    at AndroidUiautomator2Driver.findElement (/opt/homebrew/lib/node_modules/appium/node_modules/@appium/base-driver/lib/basedriver/commands/find.ts:75:12)","statusTrace":"tests/test_set_passage_mode.py:251: in test_passage_mode_cycle\n    test_set_passage_mode(driver, device_name)\ntests/test_set_passage_mode.py:186: in test_set_passage_mode\n    enter_passage_mode_page(driver, device_name)\ntests/test_set_passage_mode.py:14: in enter_passage_mode_page\n    enter_device_setting(driver, device_name)\nutils/app_controls.py:99: in enter_device_setting\n    device_detail_page.click_settings_button()\npages/device_detail_page.py:229: in click_settings_button\n    self.setting_button.click()\npages/device_detail_page.py:224: in setting_button\n    return self.driver.find_element(*self.elements.SETTINGS_BUTTON)\n/opt/anaconda3/envs/appium_env/lib/python3.10/site-packages/selenium/webdriver/remote/webdriver.py:898: in find_element\n    return self.execute(Command.FIND_ELEMENT, {\"using\": by, \"value\": value})[\"value\"]\n/opt/anaconda3/envs/appium_env/lib/python3.10/site-packages/selenium/webdriver/remote/webdriver.py:429: in execute\n    self.error_handler.check_response(response)\n/opt/anaconda3/envs/appium_env/lib/python3.10/site-packages/appium/webdriver/errorhandler.py:125: in check_response\n    raise exception_class(msg=message, stacktrace=format_stacktrace(stacktrace))\nE   selenium.common.exceptions.NoSuchElementException: Message: An element could not be located on the page using the given search parameters.; For documentation on this error, please visit: https://www.selenium.dev/documentation/webdriver/troubleshooting/errors#no-such-element-exception\nE   Stacktrace:\nE   NoSuchElementError: An element could not be located on the page using the given search parameters.\nE       at AndroidUiautomator2Driver.findElOrEls (/Users/wujohn/.appium/node_modules/appium-uiautomator2-driver/node_modules/appium-android-driver/lib/commands/find.ts:86:11)\nE       at processTicksAndRejections (node:internal/process/task_queues:105:5)\nE       at AndroidUiautomator2Driver.findElOrElsWithProcessing (/opt/homebrew/lib/node_modules/appium/node_modules/@appium/base-driver/lib/basedriver/commands/find.ts:60:12)\nE       at AndroidUiautomator2Driver.findElement (/opt/homebrew/lib/node_modules/appium/node_modules/@appium/base-driver/lib/basedriver/commands/find.ts:75:12)","steps":[],"attachments":[{"uid":"5a72572761fc936d","name":"截图","source":"5a72572761fc936d.png","type":"image/png","size":176906},{"uid":"c82d12fa27bf07fa","name":"截图","source":"c82d12fa27bf07fa.png","type":"image/png","size":176906},{"uid":"8489582dc1b3fcc1","name":"测试失败截图 - test_passage_mode_cycle[1]","source":"8489582dc1b3fcc1.png","type":"image/png","size":350879}],"parameters":[],"shouldDisplayMessage":true,"stepsCount":0,"attachmentsCount":3,"hasContent":true,"attachmentStep":false},"afterStages":[{"name":"test_delay::0","time":{"start":1753097791479,"stop":1753097801486,"duration":10007},"status":"passed","steps":[],"attachments":[],"parameters":[],"shouldDisplayMessage":false,"stepsCount":0,"attachmentsCount":0,"hasContent":false,"attachmentStep":false},{"name":"driver::0","time":{"start":1753098727499,"stop":1753098727708,"duration":209},"status":"passed","steps":[],"attachments":[],"parameters":[],"shouldDisplayMessage":false,"stepsCount":0,"attachmentsCount":0,"hasContent":false,"attachmentStep":false}],"labels":[{"name":"parentSuite","value":"tests"},{"name":"suite","value":"test_set_passage_mode"},{"name":"host","value":"mac.lan"},{"name":"thread","value":"48020-MainThread"},{"name":"framework","value":"pytest"},{"name":"language","value":"cpython3"},{"name":"package","value":"tests.test_set_passage_mode"},{"name":"resultFormat","value":"allure2"}],"parameters":[{"name":"iteration","value":"1"}],"links":[],"hidden":false,"retry":false,"extra":{"severity":"normal","retries":[],"categories":[{"name":"Test defects","matchedStatuses":[]}],"tags":[]},"source":"dfa5e8fbe74026f5.json","parameterValues":["1"]}